2023-07-15 09:37:00.820 INFO [restartedMain]net.xdclass.xdvideo.XdvideoApplication.logStarting:50 -Starting XdvideoApplication on DESKTOP-VFALMPV with PID 18268 (started by zyb in E:\google 数据\IT架构师\springboot项目实战资料\资料\第10章\第2课\xdvideo\xdvideo)
2023-07-15 09:37:00.823 INFO [restartedMain]net.xdclass.xdvideo.XdvideoApplication.logStartupProfileInfo:659 -No active profile set, falling back to default profiles: default
2023-07-15 09:37:00.910 INFO [restartedMain]o.s.b.w.s.c.AnnotationConfigServletWebServerApplicationContext.prepareRefresh:590 -Refreshing org.springframework.boot.web.servlet.context.AnnotationConfigServletWebServerApplicationContext@4e2816f1: startup date [Sat Jul 15 09:37:00 AEST 2023]; root of context hierarchy
2023-07-15 09:37:02.212 INFO [restartedMain]o.s.d.repository.config.RepositoryConfigurationDelegate.multipleStoresDetected:163 -Multiple Spring Data modules found, entering strict repository configuration mode!
2023-07-15 09:37:02.864 INFO [restartedMain]o.s.c.s.PostProcessorRegistrationDelegate$BeanPostProcessorChecker.postProcessAfterInitialization:328 -Bean 'org.springframework.transaction.annotation.ProxyTransactionManagementConfiguration' of type [org.springframework.transaction.annotation.ProxyTransactionManagementConfiguration$$EnhancerBySpringCGLIB$$7991ec76] is not eligible for getting processed by all BeanPostProcessors (for example: not eligible for auto-proxying)
2023-07-15 09:37:03.410 INFO [restartedMain]o.s.boot.web.embedded.tomcat.TomcatWebServer.initialize:91 -Tomcat initialized with port(s): 8081 (http)
2023-07-15 09:37:03.433 INFO [restartedMain]org.apache.coyote.http11.Http11NioProtocol.log:180 -Initializing ProtocolHandler ["http-nio-8081"]
2023-07-15 09:37:03.445 INFO [restartedMain]org.apache.catalina.core.StandardService.log:180 -Starting service [Tomcat]
2023-07-15 09:37:03.445 INFO [restartedMain]org.apache.catalina.core.StandardEngine.log:180 -Starting Servlet Engine: Apache Tomcat/8.5.31
2023-07-15 09:37:03.451 INFO [localhost-startStop-1]org.apache.catalina.core.AprLifecycleListener.log:180 -The APR based Apache Tomcat Native library which allows optimal performance in production environments was not found on the java.library.path: [C:\Program Files\Java\jdk1.8.0_144\bin;C:\Windows\Sun\Java\bin;C:\Windows\system32;C:\Windows;F:\VMware\bin\;C:\ProgramData\Oracle\Java\javapath;C:\Program Files\Common Files\Oracle\Java\javapath;C:\Program Files (x86)\Intel\iCLS Client\;C:\Program Files\Intel\iCLS Client\;C:\Windows\system32;C:\Windows;C:\Windows\System32\Wbem;C:\Windows\System32\WindowsPowerShell\v1.0\;C:\Program Files (x86)\Intel\Intel(R) Management Engine Components\DAL;C:\Program Files\Intel\Intel(R) Management Engine Components\DAL;C:\Program Files (x86)\Intel\Intel(R) Management Engine Components\IPT;C:\Program Files\Intel\Intel(R) Management Engine Components\IPT;C:\Program Files (x86)\NVIDIA Corporation\PhysX\Common;F:\jdk-java\bin;F:\jdk-java\jre\bin;E:\;C:\Program Files (x86)\dotnet\;E:\anaconda;E:\anaconda\Scripts\;E:\anaconda\Library\bin;E:\anaconda\Library\mingw-w64\bin;C:\Program Files\NVIDIA Corporation\NVIDIA NvDLISR;D:\go1.20\bin;F:\Microsoft VS Code\bin;D:\goproject\bin;F:\Git\cmd;C:\Users\zyb\AppData\Local\Microsoft\WindowsApps;F:\pycharm软件\PyCharm 2021.3.2\bin;F:\idea软件\IntelliJ IDEA 2021.3.2\bin;C:\Program Files (x86)\Tencent\QQGameTempest\Hall.57768\;C:\Users\zyb\AppData\Roaming\npm;F:\Microsoft VS Code\bin;F:\Fiddler;C:\Users\zyb\AppData\Local\GitHubDesktop\bin;F:\PhpStorm 2023.1.3\bin;;.]
2023-07-15 09:37:03.577 INFO [localhost-startStop-1]o.a.catalina.core.ContainerBase.[Tomcat].[localhost].[/].log:180 -Initializing Spring embedded WebApplicationContext
2023-07-15 09:37:03.577 INFO [localhost-startStop-1]org.springframework.web.context.ContextLoader.prepareWebApplicationContext:285 -Root WebApplicationContext: initialization completed in 2667 ms
2023-07-15 09:37:03.768 INFO [localhost-startStop-1]o.s.boot.web.servlet.ServletRegistrationBean.addRegistration:186 -Servlet dispatcherServlet mapped to [/]
2023-07-15 09:37:03.774 INFO [localhost-startStop-1]o.s.boot.web.servlet.FilterRegistrationBean.configure:245 -Mapping filter: 'characterEncodingFilter' to: [/*]
2023-07-15 09:37:03.775 INFO [localhost-startStop-1]o.s.boot.web.servlet.FilterRegistrationBean.configure:245 -Mapping filter: 'hiddenHttpMethodFilter' to: [/*]
2023-07-15 09:37:03.775 INFO [localhost-startStop-1]o.s.boot.web.servlet.FilterRegistrationBean.configure:245 -Mapping filter: 'httpPutFormContentFilter' to: [/*]
2023-07-15 09:37:03.775 INFO [localhost-startStop-1]o.s.boot.web.servlet.FilterRegistrationBean.configure:245 -Mapping filter: 'requestContextFilter' to: [/*]
2023-07-15 09:37:04.572 INFO [restartedMain]o.s.web.servlet.handler.SimpleUrlHandlerMapping.registerHandler:373 -Mapped URL path [/**/favicon.ico] onto handler of type [class org.springframework.web.servlet.resource.ResourceHttpRequestHandler]
2023-07-15 09:37:04.911 INFO [restartedMain]o.s.w.s.m.method.annotation.RequestMappingHandlerAdapter.initControllerAdviceCache:574 -Looking for @ControllerAdvice: org.springframework.boot.web.servlet.context.AnnotationConfigServletWebServerApplicationContext@4e2816f1: startup date [Sat Jul 15 09:37:00 AEST 2023]; root of context hierarchy
2023-07-15 09:37:05.062 INFO [restartedMain]o.s.w.s.m.method.annotation.RequestMappingHandlerMapping.register:547 -Mapped "{[/admin/api/v1/video/update_by_id],methods=[PUT]}" onto public java.lang.Object net.xdclass.xdvideo.controller.admin.VideoAdminController.update(net.xdclass.xdvideo.domain.Video)
2023-07-15 09:37:05.064 INFO [restartedMain]o.s.w.s.m.method.annotation.RequestMappingHandlerMapping.register:547 -Mapped "{[/admin/api/v1/video/save],methods=[POST]}" onto public java.lang.Object net.xdclass.xdvideo.controller.admin.VideoAdminController.save(net.xdclass.xdvideo.domain.Video)
2023-07-15 09:37:05.065 INFO [restartedMain]o.s.w.s.m.method.annotation.RequestMappingHandlerMapping.register:547 -Mapped "{[/admin/api/v1/video/del_by_id],methods=[DELETE]}" onto public java.lang.Object net.xdclass.xdvideo.controller.admin.VideoAdminController.delById(int)
2023-07-15 09:37:05.066 INFO [restartedMain]o.s.w.s.m.method.annotation.RequestMappingHandlerMapping.register:547 -Mapped "{[/user/api/v1/order/add],methods=[GET]}" onto public void net.xdclass.xdvideo.controller.OrderController.saveOrder(int,javax.servlet.http.HttpServletRequest,javax.servlet.http.HttpServletResponse) throws java.lang.Exception
2023-07-15 09:37:05.067 INFO [restartedMain]o.s.w.s.m.method.annotation.RequestMappingHandlerMapping.register:547 -Mapped "{[/test]}" onto public java.lang.String net.xdclass.xdvideo.controller.TestController.test()
2023-07-15 09:37:05.068 INFO [restartedMain]o.s.w.s.m.method.annotation.RequestMappingHandlerMapping.register:547 -Mapped "{[/test_config]}" onto public net.xdclass.xdvideo.domain.JsonData net.xdclass.xdvideo.controller.TestController.testConfig()
2023-07-15 09:37:05.068 INFO [restartedMain]o.s.w.s.m.method.annotation.RequestMappingHandlerMapping.register:547 -Mapped "{[/test_db]}" onto public java.lang.Object net.xdclass.xdvideo.controller.TestController.testDB()
2023-07-15 09:37:05.069 INFO [restartedMain]o.s.w.s.m.method.annotation.RequestMappingHandlerMapping.register:547 -Mapped "{[/api/v1/video/find_by_id],methods=[GET]}" onto public java.lang.Object net.xdclass.xdvideo.controller.VideoController.findById(int)
2023-07-15 09:37:05.069 INFO [restartedMain]o.s.w.s.m.method.annotation.RequestMappingHandlerMapping.register:547 -Mapped "{[/api/v1/video/page],methods=[GET]}" onto public java.lang.Object net.xdclass.xdvideo.controller.VideoController.pageVideo(int,int)
2023-07-15 09:37:05.070 INFO [restartedMain]o.s.w.s.m.method.annotation.RequestMappingHandlerMapping.register:547 -Mapped "{[/api/v1/wechat/order/callback]}" onto public void net.xdclass.xdvideo.controller.WechatController.orderCallback(javax.servlet.http.HttpServletRequest,javax.servlet.http.HttpServletResponse) throws java.lang.Exception
2023-07-15 09:37:05.070 INFO [restartedMain]o.s.w.s.m.method.annotation.RequestMappingHandlerMapping.register:547 -Mapped "{[/api/v1/wechat/login_url],methods=[GET]}" onto public net.xdclass.xdvideo.domain.JsonData net.xdclass.xdvideo.controller.WechatController.loginUrl(java.lang.String) throws java.io.UnsupportedEncodingException
2023-07-15 09:37:05.071 INFO [restartedMain]o.s.w.s.m.method.annotation.RequestMappingHandlerMapping.register:547 -Mapped "{[/api/v1/wechat/user/callback],methods=[GET]}" onto public void net.xdclass.xdvideo.controller.WechatController.wechatUserCallback(java.lang.String,java.lang.String,javax.servlet.http.HttpServletResponse) throws java.io.IOException
2023-07-15 09:37:05.073 INFO [restartedMain]o.s.w.s.m.method.annotation.RequestMappingHandlerMapping.register:547 -Mapped "{[/error]}" onto public org.springframework.http.ResponseEntity<java.util.Map<java.lang.String, java.lang.Object>> org.springframework.boot.autoconfigure.web.servlet.error.BasicErrorController.error(javax.servlet.http.HttpServletRequest)
2023-07-15 09:37:05.074 INFO [restartedMain]o.s.w.s.m.method.annotation.RequestMappingHandlerMapping.register:547 -Mapped "{[/error],produces=[text/html]}" onto public org.springframework.web.servlet.ModelAndView org.springframework.boot.autoconfigure.web.servlet.error.BasicErrorController.errorHtml(javax.servlet.http.HttpServletRequest,javax.servlet.http.HttpServletResponse)
2023-07-15 09:37:05.109 INFO [restartedMain]o.s.web.servlet.handler.SimpleUrlHandlerMapping.registerHandler:373 -Mapped URL path [/webjars/**] onto handler of type [class org.springframework.web.servlet.resource.ResourceHttpRequestHandler]
2023-07-15 09:37:05.109 INFO [restartedMain]o.s.web.servlet.handler.SimpleUrlHandlerMapping.registerHandler:373 -Mapped URL path [/**] onto handler of type [class org.springframework.web.servlet.resource.ResourceHttpRequestHandler]
2023-07-15 09:37:05.134 INFO [restartedMain]o.s.w.s.m.m.annotation.ExceptionHandlerExceptionResolver.initExceptionHandlerAdviceCache:288 -Detected @ExceptionHandler methods in xdExceptionHandler
2023-07-15 09:37:05.969 INFO [restartedMain]o.s.boot.devtools.autoconfigure.OptionalLiveReloadServer.startServer:57 -LiveReload server is running on port 35729
2023-07-15 09:37:06.019 INFO [restartedMain]o.s.jmx.export.annotation.AnnotationMBeanExporter.afterSingletonsInstantiated:433 -Registering beans for JMX exposure on startup
2023-07-15 09:37:06.025 INFO [restartedMain]o.s.jmx.export.annotation.AnnotationMBeanExporter.autodetect:895 -Bean with name 'dataSource' has been autodetected for JMX exposure
2023-07-15 09:37:06.031 INFO [restartedMain]o.s.jmx.export.annotation.AnnotationMBeanExporter.registerBeanInstance:668 -Located MBean 'dataSource': registering with JMX server as MBean [com.alibaba.druid.pool:name=dataSource,type=DruidDataSource]
2023-07-15 09:37:06.045 INFO [restartedMain]org.apache.coyote.http11.Http11NioProtocol.log:180 -Starting ProtocolHandler ["http-nio-8081"]
2023-07-15 09:37:06.064 INFO [restartedMain]org.apache.tomcat.util.net.NioSelectorPool.log:180 -Using a shared selector for servlet write/read
2023-07-15 09:37:06.089 INFO [restartedMain]o.s.boot.web.embedded.tomcat.TomcatWebServer.start:206 -Tomcat started on port(s): 8081 (http) with context path ''
2023-07-15 09:37:06.097 INFO [restartedMain]net.xdclass.xdvideo.XdvideoApplication.logStarted:59 -Started XdvideoApplication in 5.947 seconds (JVM running for 9.96)
2023-07-15 09:39:14.180 INFO [Thread-16]o.s.b.w.s.c.AnnotationConfigServletWebServerApplicationContext.doClose:993 -Closing org.springframework.boot.web.servlet.context.AnnotationConfigServletWebServerApplicationContext@4e2816f1: startup date [Sat Jul 15 09:37:00 AEST 2023]; root of context hierarchy
2023-07-15 09:39:14.212 INFO [Thread-16]o.s.jmx.export.annotation.AnnotationMBeanExporter.destroy:451 -Unregistering JMX-exposed beans on shutdown
2023-07-15 09:39:14.213 INFO [Thread-16]o.s.jmx.export.annotation.AnnotationMBeanExporter.unregisterBeans:183 -Unregistering JMX-exposed beans
2023-07-15 09:39:14.783 INFO [restartedMain]net.xdclass.xdvideo.XdvideoApplication.logStarting:50 -Starting XdvideoApplication on DESKTOP-VFALMPV with PID 18268 (started by zyb in E:\google 数据\IT架构师\springboot项目实战资料\资料\第10章\第2课\xdvideo\xdvideo)
2023-07-15 09:39:14.783 INFO [restartedMain]net.xdclass.xdvideo.XdvideoApplication.logStartupProfileInfo:659 -No active profile set, falling back to default profiles: default
2023-07-15 09:39:14.790 INFO [restartedMain]o.s.b.w.s.c.AnnotationConfigServletWebServerApplicationContext.prepareRefresh:590 -Refreshing org.springframework.boot.web.servlet.context.AnnotationConfigServletWebServerApplicationContext@5afc7215: startup date [Sat Jul 15 09:39:14 AEST 2023]; root of context hierarchy
2023-07-15 09:39:15.434 INFO [restartedMain]o.s.d.repository.config.RepositoryConfigurationDelegate.multipleStoresDetected:163 -Multiple Spring Data modules found, entering strict repository configuration mode!
2023-07-15 09:39:15.534 INFO [restartedMain]o.s.c.s.PostProcessorRegistrationDelegate$BeanPostProcessorChecker.postProcessAfterInitialization:328 -Bean 'org.springframework.transaction.annotation.ProxyTransactionManagementConfiguration' of type [org.springframework.transaction.annotation.ProxyTransactionManagementConfiguration$$EnhancerBySpringCGLIB$$7991ec76] is not eligible for getting processed by all BeanPostProcessors (for example: not eligible for auto-proxying)
2023-07-15 09:39:15.642 INFO [restartedMain]o.s.boot.web.embedded.tomcat.TomcatWebServer.initialize:91 -Tomcat initialized with port(s): 8081 (http)
2023-07-15 09:39:15.643 INFO [restartedMain]org.apache.coyote.http11.Http11NioProtocol.log:180 -Initializing ProtocolHandler ["http-nio-8081"]
2023-07-15 09:39:15.643 INFO [restartedMain]org.apache.catalina.core.StandardService.log:180 -Starting service [Tomcat]
2023-07-15 09:39:15.643 INFO [restartedMain]org.apache.catalina.core.StandardEngine.log:180 -Starting Servlet Engine: Apache Tomcat/8.5.31
2023-07-15 09:39:15.676 INFO [localhost-startStop-1]o.a.catalina.core.ContainerBase.[Tomcat].[localhost].[/].log:180 -Initializing Spring embedded WebApplicationContext
2023-07-15 09:39:15.677 INFO [localhost-startStop-1]org.springframework.web.context.ContextLoader.prepareWebApplicationContext:285 -Root WebApplicationContext: initialization completed in 887 ms
2023-07-15 09:39:15.720 INFO [localhost-startStop-1]o.s.boot.web.servlet.ServletRegistrationBean.addRegistration:186 -Servlet dispatcherServlet mapped to [/]
2023-07-15 09:39:15.720 INFO [localhost-startStop-1]o.s.boot.web.servlet.FilterRegistrationBean.configure:245 -Mapping filter: 'characterEncodingFilter' to: [/*]
2023-07-15 09:39:15.721 INFO [localhost-startStop-1]o.s.boot.web.servlet.FilterRegistrationBean.configure:245 -Mapping filter: 'hiddenHttpMethodFilter' to: [/*]
2023-07-15 09:39:15.721 INFO [localhost-startStop-1]o.s.boot.web.servlet.FilterRegistrationBean.configure:245 -Mapping filter: 'httpPutFormContentFilter' to: [/*]
2023-07-15 09:39:15.721 INFO [localhost-startStop-1]o.s.boot.web.servlet.FilterRegistrationBean.configure:245 -Mapping filter: 'requestContextFilter' to: [/*]
2023-07-15 09:39:15.906 INFO [restartedMain]o.s.web.servlet.handler.SimpleUrlHandlerMapping.registerHandler:373 -Mapped URL path [/**/favicon.ico] onto handler of type [class org.springframework.web.servlet.resource.ResourceHttpRequestHandler]
2023-07-15 09:39:15.986 INFO [restartedMain]o.s.w.s.m.method.annotation.RequestMappingHandlerAdapter.initControllerAdviceCache:574 -Looking for @ControllerAdvice: org.springframework.boot.web.servlet.context.AnnotationConfigServletWebServerApplicationContext@5afc7215: startup date [Sat Jul 15 09:39:14 AEST 2023]; root of context hierarchy
2023-07-15 09:39:16.006 INFO [restartedMain]o.s.w.s.m.method.annotation.RequestMappingHandlerMapping.register:547 -Mapped "{[/admin/api/v1/video/update_by_id],methods=[PUT]}" onto public java.lang.Object net.xdclass.xdvideo.controller.admin.VideoAdminController.update(net.xdclass.xdvideo.domain.Video)
2023-07-15 09:39:16.007 INFO [restartedMain]o.s.w.s.m.method.annotation.RequestMappingHandlerMapping.register:547 -Mapped "{[/admin/api/v1/video/save],methods=[POST]}" onto public java.lang.Object net.xdclass.xdvideo.controller.admin.VideoAdminController.save(net.xdclass.xdvideo.domain.Video)
2023-07-15 09:39:16.008 INFO [restartedMain]o.s.w.s.m.method.annotation.RequestMappingHandlerMapping.register:547 -Mapped "{[/admin/api/v1/video/del_by_id],methods=[DELETE]}" onto public java.lang.Object net.xdclass.xdvideo.controller.admin.VideoAdminController.delById(int)
2023-07-15 09:39:16.009 INFO [restartedMain]o.s.w.s.m.method.annotation.RequestMappingHandlerMapping.register:547 -Mapped "{[/user/api/v1/order/add],methods=[GET]}" onto public void net.xdclass.xdvideo.controller.OrderController.saveOrder(int,javax.servlet.http.HttpServletRequest,javax.servlet.http.HttpServletResponse) throws java.lang.Exception
2023-07-15 09:39:16.010 INFO [restartedMain]o.s.w.s.m.method.annotation.RequestMappingHandlerMapping.register:547 -Mapped "{[/test]}" onto public java.lang.String net.xdclass.xdvideo.controller.TestController.test()
2023-07-15 09:39:16.011 INFO [restartedMain]o.s.w.s.m.method.annotation.RequestMappingHandlerMapping.register:547 -Mapped "{[/test_config]}" onto public net.xdclass.xdvideo.domain.JsonData net.xdclass.xdvideo.controller.TestController.testConfig()
2023-07-15 09:39:16.011 INFO [restartedMain]o.s.w.s.m.method.annotation.RequestMappingHandlerMapping.register:547 -Mapped "{[/test_db]}" onto public java.lang.Object net.xdclass.xdvideo.controller.TestController.testDB()
2023-07-15 09:39:16.012 INFO [restartedMain]o.s.w.s.m.method.annotation.RequestMappingHandlerMapping.register:547 -Mapped "{[/api/v1/video/find_by_id],methods=[GET]}" onto public java.lang.Object net.xdclass.xdvideo.controller.VideoController.findById(int)
2023-07-15 09:39:16.012 INFO [restartedMain]o.s.w.s.m.method.annotation.RequestMappingHandlerMapping.register:547 -Mapped "{[/api/v1/video/page],methods=[GET]}" onto public java.lang.Object net.xdclass.xdvideo.controller.VideoController.pageVideo(int,int)
2023-07-15 09:39:16.013 INFO [restartedMain]o.s.w.s.m.method.annotation.RequestMappingHandlerMapping.register:547 -Mapped "{[/api/v1/wechat/order/callback]}" onto public void net.xdclass.xdvideo.controller.WechatController.orderCallback(javax.servlet.http.HttpServletRequest,javax.servlet.http.HttpServletResponse) throws java.lang.Exception
2023-07-15 09:39:16.014 INFO [restartedMain]o.s.w.s.m.method.annotation.RequestMappingHandlerMapping.register:547 -Mapped "{[/api/v1/wechat/login_url],methods=[GET]}" onto public net.xdclass.xdvideo.domain.JsonData net.xdclass.xdvideo.controller.WechatController.loginUrl(java.lang.String) throws java.io.UnsupportedEncodingException
2023-07-15 09:39:16.014 INFO [restartedMain]o.s.w.s.m.method.annotation.RequestMappingHandlerMapping.register:547 -Mapped "{[/api/v1/wechat/user/callback],methods=[GET]}" onto public void net.xdclass.xdvideo.controller.WechatController.wechatUserCallback(java.lang.String,java.lang.String,javax.servlet.http.HttpServletResponse) throws java.io.IOException
2023-07-15 09:39:16.016 INFO [restartedMain]o.s.w.s.m.method.annotation.RequestMappingHandlerMapping.register:547 -Mapped "{[/error]}" onto public org.springframework.http.ResponseEntity<java.util.Map<java.lang.String, java.lang.Object>> org.springframework.boot.autoconfigure.web.servlet.error.BasicErrorController.error(javax.servlet.http.HttpServletRequest)
2023-07-15 09:39:16.017 INFO [restartedMain]o.s.w.s.m.method.annotation.RequestMappingHandlerMapping.register:547 -Mapped "{[/error],produces=[text/html]}" onto public org.springframework.web.servlet.ModelAndView org.springframework.boot.autoconfigure.web.servlet.error.BasicErrorController.errorHtml(javax.servlet.http.HttpServletRequest,javax.servlet.http.HttpServletResponse)
2023-07-15 09:39:16.030 INFO [restartedMain]o.s.web.servlet.handler.SimpleUrlHandlerMapping.registerHandler:373 -Mapped URL path [/webjars/**] onto handler of type [class org.springframework.web.servlet.resource.ResourceHttpRequestHandler]
2023-07-15 09:39:16.030 INFO [restartedMain]o.s.web.servlet.handler.SimpleUrlHandlerMapping.registerHandler:373 -Mapped URL path [/**] onto handler of type [class org.springframework.web.servlet.resource.ResourceHttpRequestHandler]
2023-07-15 09:39:16.043 INFO [restartedMain]o.s.w.s.m.m.annotation.ExceptionHandlerExceptionResolver.initExceptionHandlerAdviceCache:288 -Detected @ExceptionHandler methods in xdExceptionHandler
2023-07-15 09:39:16.147 INFO [restartedMain]o.s.boot.devtools.autoconfigure.OptionalLiveReloadServer.startServer:57 -LiveReload server is running on port 35729
2023-07-15 09:39:16.171 INFO [restartedMain]o.s.jmx.export.annotation.AnnotationMBeanExporter.afterSingletonsInstantiated:433 -Registering beans for JMX exposure on startup
2023-07-15 09:39:16.172 INFO [restartedMain]o.s.jmx.export.annotation.AnnotationMBeanExporter.autodetect:895 -Bean with name 'dataSource' has been autodetected for JMX exposure
2023-07-15 09:39:16.177 INFO [restartedMain]o.s.jmx.export.annotation.AnnotationMBeanExporter.registerBeanInstance:668 -Located MBean 'dataSource': registering with JMX server as MBean [com.alibaba.druid.pool:name=dataSource,type=DruidDataSource]
2023-07-15 09:39:16.184 INFO [restartedMain]org.apache.coyote.http11.Http11NioProtocol.log:180 -Starting ProtocolHandler ["http-nio-8081"]
2023-07-15 09:39:16.188 INFO [restartedMain]org.apache.tomcat.util.net.NioSelectorPool.log:180 -Using a shared selector for servlet write/read
2023-07-15 09:39:16.198 INFO [restartedMain]o.s.boot.web.embedded.tomcat.TomcatWebServer.start:206 -Tomcat started on port(s): 8081 (http) with context path ''
2023-07-15 09:39:16.199 INFO [restartedMain]net.xdclass.xdvideo.XdvideoApplication.logStarted:59 -Started XdvideoApplication in 1.472 seconds (JVM running for 140.065)
2023-07-15 09:39:16.203 INFO [restartedMain]o.s.b.d.a.ConditionEvaluationDeltaLoggingListener.onApplicationEvent:56 -Condition evaluation unchanged
2023-07-15 09:39:47.072 INFO [http-nio-8081-exec-1]o.a.catalina.core.ContainerBase.[Tomcat].[localhost].[/].log:180 -Initializing Spring FrameworkServlet 'dispatcherServlet'
2023-07-15 09:39:47.073 INFO [http-nio-8081-exec-1]org.springframework.web.servlet.DispatcherServlet.initServletBean:494 -FrameworkServlet 'dispatcherServlet': initialization started
2023-07-15 09:39:47.099 INFO [http-nio-8081-exec-1]org.springframework.web.servlet.DispatcherServlet.initServletBean:509 -FrameworkServlet 'dispatcherServlet': initialization completed in 26 ms
